TN:
SF:src/cliente.ts
FN:3,(anonymous_0)
FN:5,(anonymous_1)
FN:12,(anonymous_2)
FN:15,(anonymous_3)
FN:22,(anonymous_4)
FN:23,(anonymous_5)
FN:30,(anonymous_6)
FN:34,(anonymous_7)
FN:36,(anonymous_8)
FN:53,(anonymous_9)
FN:56,(anonymous_10)
FNF:11
FNH:10
FNDA:10,(anonymous_0)
FNDA:10,(anonymous_1)
FNDA:10,(anonymous_2)
FNDA:10,(anonymous_3)
FNDA:10,(anonymous_4)
FNDA:10,(anonymous_5)
FNDA:4,(anonymous_6)
FNDA:10,(anonymous_7)
FNDA:4,(anonymous_8)
FNDA:0,(anonymous_9)
FNDA:2,(anonymous_10)
DA:2,2
DA:3,10
DA:6,10
DA:7,4
DA:12,2
DA:13,10
DA:16,10
DA:17,4
DA:19,6
DA:23,10
DA:24,10
DA:25,6
DA:26,4
DA:31,4
DA:35,10
DA:37,4
DA:43,2
DA:44,2
DA:54,0
DA:57,2
LF:20
LH:19
BRDA:6,0,0,4
BRDA:6,0,1,6
BRDA:16,1,0,4
BRDA:16,1,1,6
BRF:4
BRH:4
end_of_record
